<?xml version="1.0" encoding="UTF-8"?>
<testsuite name="TestRunner" tests="0" skipped="0" failures="0" errors="0" timestamp="1970-01-01T00:00:00" hostname="KGCDS-PREDRAGK" time="0.0">
  <properties/>
  <system-out><![CDATA[Feature: Test


Player was created with username: QAWA1U5S1I4z9

  @smoke
  Scenario: Create new Player via API       # Test.feature:4
    Given The env is up and running         # TestSteps.theEnvIsUpAndRunning()
    When User wants to create player        # TestSteps.userWantsToCreatePlayer()
    Then User send request to create player # TestSteps.userSendRequestToCreatePlayer()

1 Scenarios (1 passed)
3 Steps (3 passed)
0m1.829s

]]></system-out>
  <system-err><![CDATA[]]></system-err>
</testsuite>
